UTC2Food/momo_partner_sdk/build/intermediates/manifest_merge_blame_file/release/manifest-merger-blame-release-report.txt
1<?xml version="1.0" encoding="utf-8"?>
2<manifest xmlns:android="http://schemas.android.com/apk/res/android"
3    package="vn.momo.momo_partner" >
4
5    <uses-sdk
6        android:minSdkVersion="14"
6-->src\main\AndroidManifest.xml
7        android:targetSdkVersion="30" />
7-->src\main\AndroidManifest.xml
8
9    <uses-permission android:name="android.permission.INTERNET" />
9-->src\main\AndroidManifest.xml:3:5-66
9-->src\main\AndroidManifest.xml:3:22-64
10
11    <application
11-->src\main\AndroidManifest.xml:4:5-9:19
12        android:hardwareAccelerated="true"
12-->src\main\AndroidManifest.xml:8:9-43
13        android:label="@string/app_name"
13-->src\main\AndroidManifest.xml:5:9-41
14        android:supportsRtl="true"
14-->src\main\AndroidManifest.xml:6:9-35
15        android:theme="@style/AppTheme" >
15-->src\main\AndroidManifest.xml:7:9-40
16    </application>
17
18</manifest>